2010/12/13 17:25:17 [error] [exception.CHttpException.404] exception 'CHttpException' with message 'Невозможно обработать запрос "favicon.ico".' in Y:\home\yiinka.yii\www\framework\web\CWebApplication.php:328
Stack trace:
#0 Y:\home\yiinka.yii\www\framework\web\CWebApplication.php(121): CWebApplication->runController('favicon.ico')
#1 Y:\home\yiinka.yii\www\framework\base\CApplication.php(135): CWebApplication->processRequest()
#2 Y:\home\yiinka.yii\www\index.php(13): CApplication->run()
#3 {main} REQUEST_URI=/favicon.ico
2010/12/13 17:25:41 [error] [exception.CHttpException.404] exception 'CHttpException' with message 'Невозможно обработать запрос "favicon.ico".' in Y:\home\yiinka.yii\www\framework\web\CWebApplication.php:328
Stack trace:
#0 Y:\home\yiinka.yii\www\framework\web\CWebApplication.php(121): CWebApplication->runController('favicon.ico')
#1 Y:\home\yiinka.yii\www\framework\base\CApplication.php(135): CWebApplication->processRequest()
#2 Y:\home\yiinka.yii\www\index.php(13): CApplication->run()
#3 {main} REQUEST_URI=/favicon.ico
2010/12/13 17:26:08 [error] [exception.CHttpException.404] exception 'CHttpException' with message 'Невозможно обработать запрос "favicon.ico".' in Y:\home\yiinka.yii\www\framework\web\CWebApplication.php:328
Stack trace:
#0 Y:\home\yiinka.yii\www\framework\web\CWebApplication.php(121): CWebApplication->runController('favicon.ico')
#1 Y:\home\yiinka.yii\www\framework\base\CApplication.php(135): CWebApplication->processRequest()
#2 Y:\home\yiinka.yii\www\index.php(13): CApplication->run()
#3 {main} REQUEST_URI=/favicon.ico
2010/12/13 17:26:22 [error] [exception.CHttpException.404] exception 'CHttpException' with message 'Невозможно обработать запрос "favicon.ico".' in Y:\home\yiinka.yii\www\framework\web\CWebApplication.php:328
Stack trace:
#0 Y:\home\yiinka.yii\www\framework\web\CWebApplication.php(121): CWebApplication->runController('favicon.ico')
#1 Y:\home\yiinka.yii\www\framework\base\CApplication.php(135): CWebApplication->processRequest()
#2 Y:\home\yiinka.yii\www\index.php(13): CApplication->run()
#3 {main} REQUEST_URI=/favicon.ico
2010/12/13 17:28:53 [error] [exception.CHttpException.404] exception 'CHttpException' with message 'Невозможно обработать запрос "favicon.ico".' in Y:\home\yiinka.yii\www\framework\web\CWebApplication.php:328
Stack trace:
#0 Y:\home\yiinka.yii\www\framework\web\CWebApplication.php(121): CWebApplication->runController('favicon.ico')
#1 Y:\home\yiinka.yii\www\framework\base\CApplication.php(135): CWebApplication->processRequest()
#2 Y:\home\yiinka.yii\www\index.php(13): CApplication->run()
#3 {main} REQUEST_URI=/favicon.ico
2010/12/13 17:29:10 [error] [exception.CHttpException.404] exception 'CHttpException' with message 'Невозможно обработать запрос "favicon.ico".' in Y:\home\yiinka.yii\www\framework\web\CWebApplication.php:328
Stack trace:
#0 Y:\home\yiinka.yii\www\framework\web\CWebApplication.php(121): CWebApplication->runController('favicon.ico')
#1 Y:\home\yiinka.yii\www\framework\base\CApplication.php(135): CWebApplication->processRequest()
#2 Y:\home\yiinka.yii\www\index.php(13): CApplication->run()
#3 {main} REQUEST_URI=/favicon.ico
2010/12/13 17:29:13 [error] [exception.CHttpException.404] exception 'CHttpException' with message 'Невозможно обработать запрос "favicon.ico".' in Y:\home\yiinka.yii\www\framework\web\CWebApplication.php:328
Stack trace:
#0 Y:\home\yiinka.yii\www\framework\web\CWebApplication.php(121): CWebApplication->runController('favicon.ico')
#1 Y:\home\yiinka.yii\www\framework\base\CApplication.php(135): CWebApplication->processRequest()
#2 Y:\home\yiinka.yii\www\index.php(13): CApplication->run()
#3 {main} REQUEST_URI=/favicon.ico
2010/12/13 17:29:34 [error] [exception.CHttpException.404] exception 'CHttpException' with message 'Невозможно обработать запрос "favicon.ico".' in Y:\home\yiinka.yii\www\framework\web\CWebApplication.php:328
Stack trace:
#0 Y:\home\yiinka.yii\www\framework\web\CWebApplication.php(121): CWebApplication->runController('favicon.ico')
#1 Y:\home\yiinka.yii\www\framework\base\CApplication.php(135): CWebApplication->processRequest()
#2 Y:\home\yiinka.yii\www\index.php(13): CApplication->run()
#3 {main} REQUEST_URI=/favicon.ico
2010/12/13 17:29:36 [error] [exception.CHttpException.404] exception 'CHttpException' with message 'Невозможно обработать запрос "favicon.ico".' in Y:\home\yiinka.yii\www\framework\web\CWebApplication.php:328
Stack trace:
#0 Y:\home\yiinka.yii\www\framework\web\CWebApplication.php(121): CWebApplication->runController('favicon.ico')
#1 Y:\home\yiinka.yii\www\framework\base\CApplication.php(135): CWebApplication->processRequest()
#2 Y:\home\yiinka.yii\www\index.php(13): CApplication->run()
#3 {main} REQUEST_URI=/favicon.ico
2010/12/13 17:30:26 [error] [exception.CHttpException.404] exception 'CHttpException' with message 'Невозможно обработать запрос "favicon.ico".' in Y:\home\yiinka.yii\www\framework\web\CWebApplication.php:328
Stack trace:
#0 Y:\home\yiinka.yii\www\framework\web\CWebApplication.php(121): CWebApplication->runController('favicon.ico')
#1 Y:\home\yiinka.yii\www\framework\base\CApplication.php(135): CWebApplication->processRequest()
#2 Y:\home\yiinka.yii\www\index.php(13): CApplication->run()
#3 {main} REQUEST_URI=/favicon.ico
2010/12/13 17:32:17 [error] [exception.CHttpException.404] exception 'CHttpException' with message 'Невозможно обработать запрос "favicon.ico".' in Y:\home\yiinka.yii\www\framework\web\CWebApplication.php:328
Stack trace:
#0 Y:\home\yiinka.yii\www\framework\web\CWebApplication.php(121): CWebApplication->runController('favicon.ico')
#1 Y:\home\yiinka.yii\www\framework\base\CApplication.php(135): CWebApplication->processRequest()
#2 Y:\home\yiinka.yii\www\index.php(13): CApplication->run()
#3 {main} REQUEST_URI=/favicon.ico
2010/12/13 17:33:43 [error] [exception.CHttpException.404] exception 'CHttpException' with message 'Невозможно обработать запрос "favicon.ico".' in Y:\home\yiinka.yii\www\framework\web\CWebApplication.php:328
Stack trace:
#0 Y:\home\yiinka.yii\www\framework\web\CWebApplication.php(121): CWebApplication->runController('favicon.ico')
#1 Y:\home\yiinka.yii\www\framework\base\CApplication.php(135): CWebApplication->processRequest()
#2 Y:\home\yiinka.yii\www\index.php(13): CApplication->run()
#3 {main} REQUEST_URI=/favicon.ico
2010/12/13 17:35:33 [error] [exception.CHttpException.404] exception 'CHttpException' with message 'Невозможно обработать запрос "favicon.ico".' in Y:\home\yiinka.yii\www\framework\web\CWebApplication.php:328
Stack trace:
#0 Y:\home\yiinka.yii\www\framework\web\CWebApplication.php(121): CWebApplication->runController('favicon.ico')
#1 Y:\home\yiinka.yii\www\framework\base\CApplication.php(135): CWebApplication->processRequest()
#2 Y:\home\yiinka.yii\www\index.php(13): CApplication->run()
#3 {main} REQUEST_URI=/favicon.ico
2010/12/13 17:36:06 [error] [exception.CHttpException.404] exception 'CHttpException' with message 'Невозможно обработать запрос "favicon.ico".' in Y:\home\yiinka.yii\www\framework\web\CWebApplication.php:328
Stack trace:
#0 Y:\home\yiinka.yii\www\framework\web\CWebApplication.php(121): CWebApplication->runController('favicon.ico')
#1 Y:\home\yiinka.yii\www\framework\base\CApplication.php(135): CWebApplication->processRequest()
#2 Y:\home\yiinka.yii\www\index.php(13): CApplication->run()
#3 {main} REQUEST_URI=/favicon.ico
2010/12/13 17:36:18 [error] [exception.CHttpException.404] exception 'CHttpException' with message 'Невозможно обработать запрос "favicon.ico".' in Y:\home\yiinka.yii\www\framework\web\CWebApplication.php:328
Stack trace:
#0 Y:\home\yiinka.yii\www\framework\web\CWebApplication.php(121): CWebApplication->runController('favicon.ico')
#1 Y:\home\yiinka.yii\www\framework\base\CApplication.php(135): CWebApplication->processRequest()
#2 Y:\home\yiinka.yii\www\index.php(13): CApplication->run()
#3 {main} REQUEST_URI=/favicon.ico
2010/12/13 17:37:13 [error] [exception.CHttpException.404] exception 'CHttpException' with message 'Невозможно обработать запрос "favicon.ico".' in Y:\home\yiinka.yii\www\framework\web\CWebApplication.php:328
Stack trace:
#0 Y:\home\yiinka.yii\www\framework\web\CWebApplication.php(121): CWebApplication->runController('favicon.ico')
#1 Y:\home\yiinka.yii\www\framework\base\CApplication.php(135): CWebApplication->processRequest()
#2 Y:\home\yiinka.yii\www\index.php(13): CApplication->run()
#3 {main} REQUEST_URI=/favicon.ico
2010/12/13 17:37:43 [error] [exception.CHttpException.404] exception 'CHttpException' with message 'Невозможно обработать запрос "favicon.ico".' in Y:\home\yiinka.yii\www\framework\web\CWebApplication.php:328
Stack trace:
#0 Y:\home\yiinka.yii\www\framework\web\CWebApplication.php(121): CWebApplication->runController('favicon.ico')
#1 Y:\home\yiinka.yii\www\framework\base\CApplication.php(135): CWebApplication->processRequest()
#2 Y:\home\yiinka.yii\www\index.php(13): CApplication->run()
#3 {main} REQUEST_URI=/favicon.ico
2010/12/13 17:38:05 [error] [exception.CHttpException.404] exception 'CHttpException' with message 'Невозможно обработать запрос "favicon.ico".' in Y:\home\yiinka.yii\www\framework\web\CWebApplication.php:328
Stack trace:
#0 Y:\home\yiinka.yii\www\framework\web\CWebApplication.php(121): CWebApplication->runController('favicon.ico')
#1 Y:\home\yiinka.yii\www\framework\base\CApplication.php(135): CWebApplication->processRequest()
#2 Y:\home\yiinka.yii\www\index.php(13): CApplication->run()
#3 {main} REQUEST_URI=/favicon.ico
2010/12/13 17:39:13 [error] [exception.CHttpException.404] exception 'CHttpException' with message 'Невозможно обработать запрос "favicon.ico".' in Y:\home\yiinka.yii\www\framework\web\CWebApplication.php:328
Stack trace:
#0 Y:\home\yiinka.yii\www\framework\web\CWebApplication.php(121): CWebApplication->runController('favicon.ico')
#1 Y:\home\yiinka.yii\www\framework\base\CApplication.php(135): CWebApplication->processRequest()
#2 Y:\home\yiinka.yii\www\index.php(13): CApplication->run()
#3 {main} REQUEST_URI=/favicon.ico
2010/12/13 17:39:34 [error] [exception.CHttpException.404] exception 'CHttpException' with message 'Невозможно обработать запрос "favicon.ico".' in Y:\home\yiinka.yii\www\framework\web\CWebApplication.php:328
Stack trace:
#0 Y:\home\yiinka.yii\www\framework\web\CWebApplication.php(121): CWebApplication->runController('favicon.ico')
#1 Y:\home\yiinka.yii\www\framework\base\CApplication.php(135): CWebApplication->processRequest()
#2 Y:\home\yiinka.yii\www\index.php(13): CApplication->run()
#3 {main} REQUEST_URI=/favicon.ico
2010/12/13 17:40:02 [error] [exception.CHttpException.404] exception 'CHttpException' with message 'Невозможно обработать запрос "favicon.ico".' in Y:\home\yiinka.yii\www\framework\web\CWebApplication.php:328
Stack trace:
#0 Y:\home\yiinka.yii\www\framework\web\CWebApplication.php(121): CWebApplication->runController('favicon.ico')
#1 Y:\home\yiinka.yii\www\framework\base\CApplication.php(135): CWebApplication->processRequest()
#2 Y:\home\yiinka.yii\www\index.php(13): CApplication->run()
#3 {main} REQUEST_URI=/favicon.ico
2010/12/13 17:40:13 [error] [exception.CHttpException.404] exception 'CHttpException' with message 'Невозможно обработать запрос "favicon.ico".' in Y:\home\yiinka.yii\www\framework\web\CWebApplication.php:328
Stack trace:
#0 Y:\home\yiinka.yii\www\framework\web\CWebApplication.php(121): CWebApplication->runController('favicon.ico')
#1 Y:\home\yiinka.yii\www\framework\base\CApplication.php(135): CWebApplication->processRequest()
#2 Y:\home\yiinka.yii\www\index.php(13): CApplication->run()
#3 {main} REQUEST_URI=/favicon.ico
2010/12/13 17:40:29 [error] [exception.CHttpException.404] exception 'CHttpException' with message 'Невозможно обработать запрос "favicon.ico".' in Y:\home\yiinka.yii\www\framework\web\CWebApplication.php:328
Stack trace:
#0 Y:\home\yiinka.yii\www\framework\web\CWebApplication.php(121): CWebApplication->runController('favicon.ico')
#1 Y:\home\yiinka.yii\www\framework\base\CApplication.php(135): CWebApplication->processRequest()
#2 Y:\home\yiinka.yii\www\index.php(13): CApplication->run()
#3 {main} REQUEST_URI=/favicon.ico
2010/12/13 17:40:42 [error] [exception.CHttpException.404] exception 'CHttpException' with message 'Невозможно обработать запрос "favicon.ico".' in Y:\home\yiinka.yii\www\framework\web\CWebApplication.php:328
Stack trace:
#0 Y:\home\yiinka.yii\www\framework\web\CWebApplication.php(121): CWebApplication->runController('favicon.ico')
#1 Y:\home\yiinka.yii\www\framework\base\CApplication.php(135): CWebApplication->processRequest()
#2 Y:\home\yiinka.yii\www\index.php(13): CApplication->run()
#3 {main} REQUEST_URI=/favicon.ico
2010/12/13 17:40:44 [error] [exception.CHttpException.404] exception 'CHttpException' with message 'Системе не удалось найти запрашиваемое действие "gii".' in Y:\home\yiinka.yii\www\framework\web\CController.php:444
Stack trace:
#0 Y:\home\yiinka.yii\www\framework\web\CController.php(262): CController->missingAction('gii')
#1 Y:\home\yiinka.yii\www\framework\web\CWebApplication.php(324): CController->run('gii')
#2 Y:\home\yiinka.yii\www\framework\web\CWebApplication.php(121): CWebApplication->runController('users/gii')
#3 Y:\home\yiinka.yii\www\framework\base\CApplication.php(135): CWebApplication->processRequest()
#4 Y:\home\yiinka.yii\www\index.php(13): CApplication->run()
#5 {main} REQUEST_URI=/users/gii
2010/12/13 17:40:45 [error] [exception.CHttpException.404] exception 'CHttpException' with message 'Невозможно обработать запрос "favicon.ico".' in Y:\home\yiinka.yii\www\framework\web\CWebApplication.php:328
Stack trace:
#0 Y:\home\yiinka.yii\www\framework\web\CWebApplication.php(121): CWebApplication->runController('favicon.ico')
#1 Y:\home\yiinka.yii\www\framework\base\CApplication.php(135): CWebApplication->processRequest()
#2 Y:\home\yiinka.yii\www\index.php(13): CApplication->run()
#3 {main} REQUEST_URI=/favicon.ico
2010/12/13 17:40:49 [error] [exception.CHttpException.404] exception 'CHttpException' with message 'Невозможно обработать запрос "favicon.ico".' in Y:\home\yiinka.yii\www\framework\web\CWebApplication.php:328
Stack trace:
#0 Y:\home\yiinka.yii\www\framework\web\CWebApplication.php(121): CWebApplication->runController('favicon.ico')
#1 Y:\home\yiinka.yii\www\framework\base\CApplication.php(135): CWebApplication->processRequest()
#2 Y:\home\yiinka.yii\www\index.php(13): CApplication->run()
#3 {main} REQUEST_URI=/favicon.ico
2010/12/13 17:40:55 [error] [exception.CHttpException.404] exception 'CHttpException' with message 'Невозможно обработать запрос "favicon.ico".' in Y:\home\yiinka.yii\www\framework\web\CWebApplication.php:328
Stack trace:
#0 Y:\home\yiinka.yii\www\framework\web\CWebApplication.php(121): CWebApplication->runController('favicon.ico')
#1 Y:\home\yiinka.yii\www\framework\base\CApplication.php(135): CWebApplication->processRequest()
#2 Y:\home\yiinka.yii\www\index.php(13): CApplication->run()
#3 {main} REQUEST_URI=/favicon.ico
2010/12/13 17:41:10 [error] [exception.CHttpException.404] exception 'CHttpException' with message 'Невозможно обработать запрос "favicon.ico".' in Y:\home\yiinka.yii\www\framework\web\CWebApplication.php:328
Stack trace:
#0 Y:\home\yiinka.yii\www\framework\web\CWebApplication.php(121): CWebApplication->runController('favicon.ico')
#1 Y:\home\yiinka.yii\www\framework\base\CApplication.php(135): CWebApplication->processRequest()
#2 Y:\home\yiinka.yii\www\index.php(13): CApplication->run()
#3 {main} REQUEST_URI=/favicon.ico
2010/12/13 17:41:13 [error] [exception.CHttpException.404] exception 'CHttpException' with message 'Невозможно обработать запрос "favicon.ico".' in Y:\home\yiinka.yii\www\framework\web\CWebApplication.php:328
Stack trace:
#0 Y:\home\yiinka.yii\www\framework\web\CWebApplication.php(121): CWebApplication->runController('favicon.ico')
#1 Y:\home\yiinka.yii\www\framework\base\CApplication.php(135): CWebApplication->processRequest()
#2 Y:\home\yiinka.yii\www\index.php(13): CApplication->run()
#3 {main} REQUEST_URI=/favicon.ico
2010/12/13 17:41:15 [error] [exception.CHttpException.404] exception 'CHttpException' with message 'Невозможно обработать запрос "gii/index".' in Y:\home\yiinka.yii\www\framework\web\CWebApplication.php:328
Stack trace:
#0 Y:\home\yiinka.yii\www\framework\web\CWebApplication.php(121): CWebApplication->runController('gii/index')
#1 Y:\home\yiinka.yii\www\framework\base\CApplication.php(135): CWebApplication->processRequest()
#2 Y:\home\yiinka.yii\www\index.php(13): CApplication->run()
#3 {main} REQUEST_URI=/gii/index
2010/12/13 17:41:16 [error] [exception.CHttpException.404] exception 'CHttpException' with message 'Невозможно обработать запрос "favicon.ico".' in Y:\home\yiinka.yii\www\framework\web\CWebApplication.php:328
Stack trace:
#0 Y:\home\yiinka.yii\www\framework\web\CWebApplication.php(121): CWebApplication->runController('favicon.ico')
#1 Y:\home\yiinka.yii\www\framework\base\CApplication.php(135): CWebApplication->processRequest()
#2 Y:\home\yiinka.yii\www\index.php(13): CApplication->run()
#3 {main} REQUEST_URI=/favicon.ico
2010/12/13 17:41:21 [error] [exception.CHttpException.404] exception 'CHttpException' with message 'Невозможно обработать запрос "favicon.ico".' in Y:\home\yiinka.yii\www\framework\web\CWebApplication.php:328
Stack trace:
#0 Y:\home\yiinka.yii\www\framework\web\CWebApplication.php(121): CWebApplication->runController('favicon.ico')
#1 Y:\home\yiinka.yii\www\framework\base\CApplication.php(135): CWebApplication->processRequest()
#2 Y:\home\yiinka.yii\www\index.php(13): CApplication->run()
#3 {main} REQUEST_URI=/favicon.ico
2010/12/13 17:41:27 [error] [exception.CHttpException.404] exception 'CHttpException' with message 'Невозможно обработать запрос "favicon.ico".' in Y:\home\yiinka.yii\www\framework\web\CWebApplication.php:328
Stack trace:
#0 Y:\home\yiinka.yii\www\framework\web\CWebApplication.php(121): CWebApplication->runController('favicon.ico')
#1 Y:\home\yiinka.yii\www\framework\base\CApplication.php(135): CWebApplication->processRequest()
#2 Y:\home\yiinka.yii\www\index.php(13): CApplication->run()
#3 {main} REQUEST_URI=/favicon.ico
2010/12/13 17:41:28 [error] [exception.CHttpException.404] exception 'CHttpException' with message 'Невозможно обработать запрос "favicon.ico".' in Y:\home\yiinka.yii\www\framework\web\CWebApplication.php:328
Stack trace:
#0 Y:\home\yiinka.yii\www\framework\web\CWebApplication.php(121): CWebApplication->runController('favicon.ico')
#1 Y:\home\yiinka.yii\www\framework\base\CApplication.php(135): CWebApplication->processRequest()
#2 Y:\home\yiinka.yii\www\index.php(13): CApplication->run()
#3 {main} REQUEST_URI=/favicon.ico
2010/12/13 17:41:30 [error] [exception.CHttpException.404] exception 'CHttpException' with message 'Невозможно обработать запрос "favicon.ico".' in Y:\home\yiinka.yii\www\framework\web\CWebApplication.php:328
Stack trace:
#0 Y:\home\yiinka.yii\www\framework\web\CWebApplication.php(121): CWebApplication->runController('favicon.ico')
#1 Y:\home\yiinka.yii\www\framework\base\CApplication.php(135): CWebApplication->processRequest()
#2 Y:\home\yiinka.yii\www\index.php(13): CApplication->run()
#3 {main} REQUEST_URI=/favicon.ico
2010/12/13 17:41:32 [error] [exception.CHttpException.404] exception 'CHttpException' with message 'Невозможно обработать запрос "favicon.ico".' in Y:\home\yiinka.yii\www\framework\web\CWebApplication.php:328
Stack trace:
#0 Y:\home\yiinka.yii\www\framework\web\CWebApplication.php(121): CWebApplication->runController('favicon.ico')
#1 Y:\home\yiinka.yii\www\framework\base\CApplication.php(135): CWebApplication->processRequest()
#2 Y:\home\yiinka.yii\www\index.php(13): CApplication->run()
#3 {main} REQUEST_URI=/favicon.ico
2010/12/13 17:41:36 [error] [exception.CHttpException.404] exception 'CHttpException' with message 'Невозможно обработать запрос "favicon.ico".' in Y:\home\yiinka.yii\www\framework\web\CWebApplication.php:328
Stack trace:
#0 Y:\home\yiinka.yii\www\framework\web\CWebApplication.php(121): CWebApplication->runController('favicon.ico')
#1 Y:\home\yiinka.yii\www\framework\base\CApplication.php(135): CWebApplication->processRequest()
#2 Y:\home\yiinka.yii\www\index.php(13): CApplication->run()
#3 {main} REQUEST_URI=/favicon.ico
2010/12/13 17:41:45 [error] [exception.CHttpException.404] exception 'CHttpException' with message 'Невозможно обработать запрос "favicon.ico".' in Y:\home\yiinka.yii\www\framework\web\CWebApplication.php:328
Stack trace:
#0 Y:\home\yiinka.yii\www\framework\web\CWebApplication.php(121): CWebApplication->runController('favicon.ico')
#1 Y:\home\yiinka.yii\www\framework\base\CApplication.php(135): CWebApplication->processRequest()
#2 Y:\home\yiinka.yii\www\index.php(13): CApplication->run()
#3 {main} REQUEST_URI=/favicon.ico
2010/12/13 17:41:51 [error] [exception.CHttpException.404] exception 'CHttpException' with message 'Невозможно обработать запрос "favicon.ico".' in Y:\home\yiinka.yii\www\framework\web\CWebApplication.php:328
Stack trace:
#0 Y:\home\yiinka.yii\www\framework\web\CWebApplication.php(121): CWebApplication->runController('favicon.ico')
#1 Y:\home\yiinka.yii\www\framework\base\CApplication.php(135): CWebApplication->processRequest()
#2 Y:\home\yiinka.yii\www\index.php(13): CApplication->run()
#3 {main} REQUEST_URI=/favicon.ico
2010/12/13 17:41:54 [error] [exception.CHttpException.404] exception 'CHttpException' with message 'Невозможно обработать запрос "favicon.ico".' in Y:\home\yiinka.yii\www\framework\web\CWebApplication.php:328
Stack trace:
#0 Y:\home\yiinka.yii\www\framework\web\CWebApplication.php(121): CWebApplication->runController('favicon.ico')
#1 Y:\home\yiinka.yii\www\framework\base\CApplication.php(135): CWebApplication->processRequest()
#2 Y:\home\yiinka.yii\www\index.php(13): CApplication->run()
#3 {main} REQUEST_URI=/favicon.ico
2010/12/13 17:41:57 [error] [exception.CHttpException.404] exception 'CHttpException' with message 'Невозможно обработать запрос "favicon.ico".' in Y:\home\yiinka.yii\www\framework\web\CWebApplication.php:328
Stack trace:
#0 Y:\home\yiinka.yii\www\framework\web\CWebApplication.php(121): CWebApplication->runController('favicon.ico')
#1 Y:\home\yiinka.yii\www\framework\base\CApplication.php(135): CWebApplication->processRequest()
#2 Y:\home\yiinka.yii\www\index.php(13): CApplication->run()
#3 {main} REQUEST_URI=/favicon.ico
2010/12/13 17:41:58 [error] [exception.CHttpException.404] exception 'CHttpException' with message 'Невозможно обработать запрос "favicon.ico".' in Y:\home\yiinka.yii\www\framework\web\CWebApplication.php:328
Stack trace:
#0 Y:\home\yiinka.yii\www\framework\web\CWebApplication.php(121): CWebApplication->runController('favicon.ico')
#1 Y:\home\yiinka.yii\www\framework\base\CApplication.php(135): CWebApplication->processRequest()
#2 Y:\home\yiinka.yii\www\index.php(13): CApplication->run()
#3 {main} REQUEST_URI=/favicon.ico
2010/12/13 17:42:39 [error] [exception.CHttpException.404] exception 'CHttpException' with message 'Невозможно обработать запрос "favicon.ico".' in Y:\home\yiinka.yii\www\framework\web\CWebApplication.php:328
Stack trace:
#0 Y:\home\yiinka.yii\www\framework\web\CWebApplication.php(121): CWebApplication->runController('favicon.ico')
#1 Y:\home\yiinka.yii\www\framework\base\CApplication.php(135): CWebApplication->processRequest()
#2 Y:\home\yiinka.yii\www\index.php(13): CApplication->run()
#3 {main} REQUEST_URI=/favicon.ico
